[debug] [2022-02-21T20:56:46.402Z] ----------------------------------------------------------------------
[debug] [2022-02-21T20:56:46.405Z] Command:       C:\Program Files\nodejs\node.exe C:\Users\Ahmed Hossam\AppData\Roaming\npm\node_modules\firebase-tools\lib\bin\firebase.js init
[debug] [2022-02-21T20:56:46.405Z] CLI Version:   10.2.1
[debug] [2022-02-21T20:56:46.405Z] Platform:      win32
[debug] [2022-02-21T20:56:46.406Z] Node Version:  v14.17.3
[debug] [2022-02-21T20:56:46.407Z] Time:          Mon Feb 21 2022 22:56:46 GMT+0200 (Eastern European Standard Time)
[debug] [2022-02-21T20:56:46.407Z] ----------------------------------------------------------------------
[debug] 
[debug] [2022-02-21T20:56:46.417Z] > command requires scopes: ["email","openid","https://www.googleapis.com/auth/cloudplatformprojects.readonly","https://www.googleapis.com/auth/firebase","https://www.googleapis.com/auth/cloud-platform"]
[debug] [2022-02-21T20:56:46.417Z] > authorizing via signed-in user (vivoeos890@gmail.com)
[info] 
     ######## #### ########  ######## ########     ###     ######  ########
     ##        ##  ##     ## ##       ##     ##  ##   ##  ##       ##
     ######    ##  ########  ######   ########  #########  ######  ######
     ##        ##  ##    ##  ##       ##     ## ##     ##       ## ##
     ##       #### ##     ## ######## ########  ##     ##  ######  ########

You're about to initialize a Firebase project in this directory:

  F:\angular projects\1_Max\my-links

[info] 
=== Project Setup
[info] 
[info] First, let's associate this project directory with a Firebase project.
[info] You can create multiple project aliases by running firebase use --add, 
[info] but for now we'll just set up a default project.
[info] 
[debug] [2022-02-21T21:00:12.317Z] > refreshing access token with scopes: []
[debug] [2022-02-21T21:00:12.318Z] >>> HTTP REQUEST POST https://www.googleapis.com/oauth2/v3/token  
 <request body omitted>
[debug] [2022-02-21T21:00:13.018Z] <<< HTTP RESPONSE 200 {"date":"Mon, 21 Feb 2022 21:00:12 GMT","expires":"Mon, 01 Jan 1990 00:00:00 GMT","cache-control":"no-cache, no-store, max-age=0, must-revalidate","pragma":"no-cache","content-type":"application/json; charset=utf-8","vary":"X-Origin, Referer, Origin,Accept-Encoding","server":"scaffolding on HTTPServer2","x-xss-protection":"0","x-frame-options":"SAMEORIGIN","x-content-type-options":"nosniff","alt-svc":"h3=\":443\"; ma=2592000,h3-29=\":443\"; ma=2592000,h3-Q050=\":443\"; ma=2592000,h3-Q046=\":443\"; ma=2592000,h3-Q043=\":443\"; ma=2592000,quic=\":443\"; ma=2592000; v=\"46,43\"","accept-ranges":"none","transfer-encoding":"chunked"}
[debug] [2022-02-21T21:00:13.046Z] >>> [apiv2][query] GET https://firebase.googleapis.com/v1beta1/projects pageSize=100
[debug] [2022-02-21T21:00:14.018Z] <<< [apiv2][status] GET https://firebase.googleapis.com/v1beta1/projects 200
[debug] [2022-02-21T21:00:14.019Z] <<< [apiv2][body] GET https://firebase.googleapis.com/v1beta1/projects [omitted]
[info] i  Using project my-links-621f8 (my-links) 
[info] 
=== Hosting Setup
[info] 
[info] Your public directory is the folder (relative to your project directory) that
[info] will contain Hosting assets to be uploaded with firebase deploy. If you
[info] have a build process for your assets, use your build's output directory.
[info] 
